#
# A fatal error has been detected by the Java Runtime Environment:
#
#  EXCEPTION_ACCESS_VIOLATION (0xc0000005) at pc=0x00007ffc182c477c, pid=3252, tid=9692
#
# JRE version: Java(TM) SE Runtime Environment (15.0.2+7) (build 15.0.2+7-27)
# Java VM: Java HotSpot(TM) 64-Bit Server VM (15.0.2+7-27, mixed mode, sharing, tiered, compressed oops, g1 gc, windows-amd64)
# Problematic frame:
# V  [jvm.dll+0x1f477c]
#
# No core dump will be written. Minidumps are not enabled by default on client versions of Windows
#
# If you would like to submit a bug report, please visit:
#   https://bugreport.java.com/bugreport/crash.jsp
#

---------------  S U M M A R Y ------------

Command Line: -ea -Didea.test.cyclic.buffer.size=1048576 -javaagent:C:\Program Files\JetBrains\IntelliJ IDEA 2020.3.3\lib\idea_rt.jar=56715:C:\Program Files\JetBrains\IntelliJ IDEA 2020.3.3\bin -Dfile.encoding=UTF-8 com.intellij.rt.junit.JUnitStarter -ideVersion5 -junit4 isa9.Farmacy.controller.AppointmentControllerTest,testGetFreeDernatologist

Host: Intel(R) Core(TM) i7 CPU       M 620  @ 2.67GHz, 4 cores, 7G,  Windows 10 , 64 bit Build 19041 (10.0.19041.928)
Time: Fri Jun 11 12:53:54 2021 Central Europe Daylight Time elapsed time: 10.433191 seconds (0d 0h 0m 10s)

---------------  T H R E A D  ---------------

Current thread (0x00000283a3ede040):  JavaThread "C2 CompilerThread0" daemon [_thread_in_native, id=9692, stack(0x000000c237c00000,0x000000c237d00000)]


Current CompileTask:
C2:  10433 3818       4       org.springframework.beans.factory.support.AbstractBeanFactory::isTypeMatch (607 bytes)

Stack: [0x000000c237c00000,0x000000c237d00000],  sp=0x000000c237cfd730,  free space=1013k
Native frames: (J=compiled Java code, j=interpreted, Vv=VM code, C=native code)
V  [jvm.dll+0x1f477c]
V  [jvm.dll+0x64f21b]
V  [jvm.dll+0x1e9762]
V  [jvm.dll+0x178567]
V  [jvm.dll+0x1f9225]
V  [jvm.dll+0x1f72cc]
V  [jvm.dll+0x74495d]
V  [jvm.dll+0x73d75a]
V  [jvm.dll+0x629c56]
C  [ucrtbase.dll+0x21bb2]
C  [KERNEL32.DLL+0x17034]
C  [ntdll.dll+0x52651]


siginfo: EXCEPTION_ACCESS_VIOLATION (0xc0000005), reading address 0xffffffffffffffff


Register to memory mapping:

RIP=0x00007ffc182c477c jvm.dll
RAX=0x0 is NULL
RBX=0x00000283a8e9ab38 points into unknown readable memory: 0x00007ffc1891cda0 | a0 cd 91 18 fc 7f 00 00
RCX=0x00040283a8e9bd48 is an unknown value
RDX=0x0000000000000001 is an unknown value
RSP=0x000000c237cfd730 is pointing into the stack for thread: 0x00000283a3ede040
RBP=0x000000c237cfe430 is pointing into the stack for thread: 0x00000283a3ede040
RSI=0x0000000000002a6f is an unknown value
RDI=0x000000c237cfd9a0 is pointing into the stack for thread: 0x00000283a3ede040
R8 =0x00000000000000d2 is an unknown value
R9 =0x0000000000000001 is an unknown value
R10=0x00000283a8e9adc0 points into unknown readable memory: 0x00040283a8e9bd48 | 48 bd e9 a8 83 02 04 00
R11=0x00000283a8e9adc0 points into unknown readable memory: 0x00040283a8e9bd48 | 48 bd e9 a8 83 02 04 00
R12=0x000000c237cfeb48 is pointing into the stack for thread: 0x00000283a3ede040
R13=0x00000283a66df860 points into unknown readable memory: 0x00007ffc189365d8 | d8 65 93 18 fc 7f 00 00
R14=0x000000c237cfe430 is pointing into the stack for thread: 0x00000283a3ede040
R15=0x000000c237cfd870 is pointing into the stack for thread: 0x00000283a3ede040


Registers:
RAX=0x0000000000000000, RBX=0x00000283a8e9ab38, RCX=0x00040283a8e9bd48, RDX=0x0000000000000001
RSP=0x000000c237cfd730, RBP=0x000000c237cfe430, RSI=0x0000000000002a6f, RDI=0x000000c237cfd9a0
R8 =0x00000000000000d2, R9 =0x0000000000000001, R10=0x00000283a8e9adc0, R11=0x00000283a8e9adc0
R12=0x000000c237cfeb48, R13=0x00000283a66df860, R14=0x000000c237cfe430, R15=0x000000c237cfd870
RIP=0x00007ffc182c477c, EFLAGS=0x0000000000010202

Top of Stack: (sp=0x000000c237cfd730)
0x000000c237cfd730:   00000283a8e9cf18 0000000000002a6d
0x000000c237cfd740:   0000000000000fd8 000000c237cfd9a0
0x000000c237cfd750:   0000000000010000 00007ffc1871f21b
0x000000c237cfd760:   000000c237cfd990 00000283a3edb880
0x000000c237cfd770:   000000c237cfd990 000000c237cfd9f0
0x000000c237cfd780:   0000000000000002 000000c237cfe430
0x000000c237cfd790:   0000000000000003 00007ffc182b9762
0x000000c237cfd7a0:   00000283a630b760 000000c237cfd8a0
0x000000c237cfd7b0:   0000000000000001 000000c237cfeb48
0x000000c237cfd7c0:   0000000000000000 0000000000000000
0x000000c237cfd7d0:   00000283a3edb880 00000283a724c0d0
0x000000c237cfd7e0:   00000283a72500a0 00000283a72540b8
0x000000c237cfd7f0:   0000000000048270 0000000000000000
0x000000c237cfd800:   0000000000000000 0000000000000000
0x000000c237cfd810:   0000000000000000 0000000000000000
0x000000c237cfd820:   0000000000000000 00007ffc18926384 

Instructions: (pc=0x00007ffc182c477c)
0x00007ffc182c467c:   8b 03 ff 50 70 48 85 ff 7e 0e 48 8b 4e 18 48 8b
0x00007ffc182c468c:   d5 48 2b d7 48 89 1c d1 8b 48 28 8b c1 c1 e8 05
0x00007ffc182c469c:   41 3b 47 20 72 04 32 c9 eb 12 8b d0 83 e1 1f 49
0x00007ffc182c46ac:   8b 47 28 8b 04 90 0f a3 c8 0f 92 c1 8b 16 45 8d
0x00007ffc182c46bc:   46 01 84 c9 48 8d 47 01 45 0f 45 c6 41 ff c4 48
0x00007ffc182c46cc:   ff c5 45 8b f0 84 c9 48 0f 45 c7 48 8b f8 44 3b
0x00007ffc182c46dc:   e2 7c 91 48 8b 7c 24 50 48 8b 6c 24 48 48 8b 5c
0x00007ffc182c46ec:   24 40 41 2b d6 89 16 48 8b 74 24 58 48 83 c4 20
0x00007ffc182c46fc:   41 5f 41 5e 41 5c c3 cc cc cc cc cc cc cc cc cc
0x00007ffc182c470c:   cc cc cc cc 48 89 5c 24 10 48 89 6c 24 18 48 89
0x00007ffc182c471c:   74 24 20 57 48 83 ec 20 33 f6 48 8b fa 48 8b e9
0x00007ffc182c472c:   39 72 18 0f 86 b2 00 00 00 66 66 66 0f 1f 84 00
0x00007ffc182c473c:   00 00 00 00 48 8b 47 10 48 8b 1c f0 ff c6 8b 43
0x00007ffc182c474c:   2c 83 e0 03 3c 03 75 09 48 8d 4b 50 e8 d3 b8 48
0x00007ffc182c475c:   00 44 8b 4b 20 33 c0 45 85 c9 7e 51 0f 1f 84 00
0x00007ffc182c476c:   00 00 00 00 4c 8b 53 10 49 8b 0c c2 4d 8d 1c c2
0x00007ffc182c477c:   8b 51 28 8b ca c1 e9 05 3b 4f 20 73 13 44 8b c1
0x00007ffc182c478c:   83 e2 1f 48 8b 4f 28 42 8b 0c 81 0f a3 d1 72 12
0x00007ffc182c479c:   ff 4b 20 ff c8 8b 4b 20 41 ff c9 49 8b 0c ca 49
0x00007ffc182c47ac:   89 0b ff c0 41 3b c1 7c bb 44 8b 4b 20 41 83 f9
0x00007ffc182c47bc:   01 75 1f 48 8b cb e8 e9 56 41 00 84 c0 74 13 48
0x00007ffc182c47cc:   8b 53 10 48 8b 8d 08 07 00 00 48 8b 12 e8 f2 74
0x00007ffc182c47dc:   e9 ff 3b 77 18 0f 82 59 ff ff ff 48 8b 45 08 48
0x00007ffc182c47ec:   8b 88 80 01 00 00 8b 01 83 e8 01 48 63 f0 0f 88
0x00007ffc182c47fc:   b1 00 00 00 48 8b 45 08 48 8b 88 80 01 00 00 48
0x00007ffc182c480c:   8b 41 18 48 8b 1c f0 8b 4b 28 8b c1 c1 e8 05 3b
0x00007ffc182c481c:   47 20 73 11 8b d0 83 e1 1f 48 8b 47 28 8b 04 90
0x00007ffc182c482c:   0f a3 c8 72 76 4c 8b 85 80 01 00 00 33 c9 48 89
0x00007ffc182c483c:   5c 24 30 49 63 00 85 c0 7e 2a 48 8b d0 49 8b 40
0x00007ffc182c484c:   18 0f 1f 00 48 39 18 74 0e 48 ff c1 48 83 c0 08
0x00007ffc182c485c:   48 3b ca 7c ef eb 0d 48 8d 54 24 30 49 8b c8 e8
0x00007ffc182c486c:   c0 81 f8 ff 4c 8b 85 88 01 00 00 49 63 00 85 c0 


Stack slot to memory mapping:
stack at sp + 0 slots: 0x00000283a8e9cf18 points into unknown readable memory: 0x00007ffc1891ffa0 | a0 ff 91 18 fc 7f 00 00
stack at sp + 1 slots: 0x0000000000002a6d is an unknown value
stack at sp + 2 slots: 0x0000000000000fd8 is an unknown value
stack at sp + 3 slots: 0x000000c237cfd9a0 is pointing into the stack for thread: 0x00000283a3ede040
stack at sp + 4 slots: 0x0000000000010000 is an unknown value
stack at sp + 5 slots: 0x00007ffc1871f21b jvm.dll
stack at sp + 6 slots: 0x000000c237cfd990 is pointing into the stack for thread: 0x00000283a3ede040
stack at sp + 7 slots: 0x00000283a3edb880 points into unknown readable memory: 0x0000000000000006 | 06 00 00 00 00 00 00 00


---------------  P R O C E S S  ---------------

Threads class SMR info:
_java_thread_list=0x00000283a69774f0, length=13, elements={
0x0000028385d10760, 0x00000283a3ec1c90, 0x00000283a3ec2770, 0x00000283a3ed5f90,
0x00000283a3ed9970, 0x00000283a3eda330, 0x00000283a3ede040, 0x00000283a3ee0e00,
0x00000283a3f2e650, 0x00000283a3ea2260, 0x00000283a4989cf0, 0x00000283a49711e0,
0x00000283a55a9f20
}

Java Threads: ( => current thread )
  0x0000028385d10760 JavaThread "main" [_thread_in_vm, id=1440, stack(0x000000c237000000,0x000000c237100000)]
  0x00000283a3ec1c90 JavaThread "Reference Handler" daemon [_thread_blocked, id=14892, stack(0x000000c237700000,0x000000c237800000)]
  0x00000283a3ec2770 JavaThread "Finalizer" daemon [_thread_blocked, id=12168, stack(0x000000c237800000,0x000000c237900000)]
  0x00000283a3ed5f90 JavaThread "Signal Dispatcher" daemon [_thread_blocked, id=15712, stack(0x000000c237900000,0x000000c237a00000)]
  0x00000283a3ed9970 JavaThread "Attach Listener" daemon [_thread_blocked, id=15388, stack(0x000000c237a00000,0x000000c237b00000)]
  0x00000283a3eda330 JavaThread "Service Thread" daemon [_thread_blocked, id=14804, stack(0x000000c237b00000,0x000000c237c00000)]
=>0x00000283a3ede040 JavaThread "C2 CompilerThread0" daemon [_thread_in_native, id=9692, stack(0x000000c237c00000,0x000000c237d00000)]
  0x00000283a3ee0e00 JavaThread "C1 CompilerThread0" daemon [_thread_blocked, id=10316, stack(0x000000c237d00000,0x000000c237e00000)]
  0x00000283a3f2e650 JavaThread "Sweeper thread" daemon [_thread_blocked, id=16784, stack(0x000000c237e00000,0x000000c237f00000)]
  0x00000283a3ea2260 JavaThread "Common-Cleaner" daemon [_thread_blocked, id=12300, stack(0x000000c237f00000,0x000000c238000000)]
  0x00000283a4989cf0 JavaThread "Monitor Ctrl-Break" daemon [_thread_in_native, id=9292, stack(0x000000c238000000,0x000000c238100000)]
  0x00000283a49711e0 JavaThread "Notification Thread" daemon [_thread_blocked, id=8224, stack(0x000000c238100000,0x000000c238200000)]
  0x00000283a55a9f20 JavaThread "C2 CompilerThread1" daemon [_thread_in_native, id=6952, stack(0x000000c238300000,0x000000c238400000)]

Other Threads:
  0x00000283a3ebb4d0 VMThread "VM Thread" [stack: 0x000000c237600000,0x000000c237700000] [id=1512]
  0x0000028385d11890 WatcherThread [stack: 0x000000c238200000,0x000000c238300000] [id=3600]
  0x0000028385d50690 GCTaskThread "GC Thread#0" [stack: 0x000000c237100000,0x000000c237200000] [id=14684]
  0x00000283a50e27e0 GCTaskThread "GC Thread#1" [stack: 0x000000c238400000,0x000000c238500000] [id=16072]
  0x00000283a50e5480 GCTaskThread "GC Thread#2" [stack: 0x000000c238500000,0x000000c238600000] [id=13996]
  0x0000028385d63310 ConcurrentGCThread "G1 Main Marker" [stack: 0x000000c237200000,0x000000c237300000] [id=13616]
  0x0000028385d645b0 ConcurrentGCThread "G1 Conc#0" [stack: 0x000000c237300000,0x000000c237400000] [id=15604]
  0x0000028385ddd6d0 ConcurrentGCThread "G1 Refine#0" [stack: 0x000000c237400000,0x000000c237500000] [id=13816]
  0x00000283a5352350 ConcurrentGCThread "G1 Refine#1" [stack: 0x000000c238600000,0x000000c238700000] [id=12700]
  0x0000028385dde1e0 ConcurrentGCThread "G1 Young RemSet Sampling" [stack: 0x000000c237500000,0x000000c237600000] [id=11800]

Threads with active compile tasks:
C2 CompilerThread0    10630 3818       4       org.springframework.beans.factory.support.AbstractBeanFactory::isTypeMatch (607 bytes)
C2 CompilerThread1    10630 3871       4       org.springframework.beans.factory.support.AbstractBeanFactory::isFactoryBean (60 bytes)

VM state: not at safepoint (normal execution)

VM Mutex/Monitor currently owned by a thread: None

Heap address: 0x0000000082400000, size: 2012 MB, Compressed Oops mode: 32-bit
CDS archive(s) mapped at: [0x0000000800000000-0x0000000800b50000-0x0000000800b50000), size 11862016, SharedBaseAddress: 0x0000000800000000, ArchiveRelocationMode: 0.
Compressed class space mapped at: 0x0000000800b50000-0x0000000840b50000, size: 1073741824
Narrow klass base: 0x0000000800000000, Narrow klass shift: 3, Narrow klass range: 0x100000000

GC Precious Log:
 CPUs: 4 total, 4 available
 Memory: 8047M
 Large Page Support: Disabled
 NUMA Support: Disabled
 Compressed Oops: Enabled (32-bit)
 Heap Region Size: 1M
 Heap Min Capacity: 8M
 Heap Initial Capacity: 126M
 Heap Max Capacity: 2012M
 Pre-touch: Disabled
 Parallel Workers: 4
 Concurrent Workers: 1
 Concurrent Refinement Workers: 4
 Periodic GC: Disabled

Heap:
 garbage-first heap   total 55296K, used 30888K [0x0000000082400000, 0x0000000100000000)
  region size 1024K, 20 young (20480K), 4 survivors (4096K)
 Metaspace       used 25988K, capacity 26385K, committed 26544K, reserved 1073152K
  class space    used 3146K, capacity 3279K, committed 3328K, reserved 1048576K

Heap Regions: E=young(eden), S=young(survivor), O=old, HS=humongous(starts), HC=humongous(continues), CS=collection set, F=free, OA=open archive, CA=closed archive, TAMS=top-at-mark-start (previous, next)
|   0|0x0000000082400000, 0x0000000082500000, 0x0000000082500000|100%|HS|  |TAMS 0x0000000082500000, 0x0000000082400000| Complete 
|   1|0x0000000082500000, 0x0000000082600000, 0x0000000082600000|100%| O|  |TAMS 0x0000000082600000, 0x0000000082500000| Untracked 
|   2|0x0000000082600000, 0x0000000082700000, 0x0000000082700000|100%| O|  |TAMS 0x0000000082700000, 0x0000000082600000| Untracked 
|   3|0x0000000082700000, 0x0000000082800000, 0x0000000082800000|100%| O|  |TAMS 0x0000000082800000, 0x0000000082700000| Untracked 
|   4|0x0000000082800000, 0x0000000082900000, 0x0000000082900000|100%| O|  |TAMS 0x0000000082900000, 0x0000000082800000| Untracked 
|   5|0x0000000082900000, 0x0000000082a00000, 0x0000000082a00000|100%| O|  |TAMS 0x0000000082a00000, 0x0000000082900000| Untracked 
|   6|0x0000000082a00000, 0x0000000082b00000, 0x0000000082b00000|100%| O|  |TAMS 0x0000000082b00000, 0x0000000082a00000| Untracked 
|   7|0x0000000082b00000, 0x0000000082b49a00, 0x0000000082c00000| 28%| O|  |TAMS 0x0000000082b49a00, 0x0000000082b00000| Untracked 
|   8|0x0000000082c00000, 0x0000000082d00000, 0x0000000082d00000|100%| O|  |TAMS 0x0000000082c00000, 0x0000000082c00000| Untracked 
|   9|0x0000000082d00000, 0x0000000082e00000, 0x0000000082e00000|100%| O|  |TAMS 0x0000000082d00000, 0x0000000082d00000| Untracked 
|  10|0x0000000082e00000, 0x0000000082f00000, 0x0000000082f00000|100%| O|  |TAMS 0x0000000082e00000, 0x0000000082e00000| Untracked 
|  11|0x0000000082f00000, 0x0000000083000000, 0x0000000083000000|100%| O|  |TAMS 0x0000000082f00000, 0x0000000082f00000| Untracked 
|  12|0x0000000083000000, 0x0000000083060800, 0x0000000083100000| 37%| O|  |TAMS 0x0000000083000000, 0x0000000083000000| Untracked 
|  13|0x0000000083100000, 0x0000000083100000, 0x0000000083200000|  0%| F|  |TAMS 0x0000000083100000, 0x0000000083100000| Untracked 
|  14|0x0000000083200000, 0x0000000083200000, 0x0000000083300000|  0%| F|  |TAMS 0x0000000083200000, 0x0000000083200000| Untracked 
|  15|0x0000000083300000, 0x0000000083300000, 0x0000000083400000|  0%| F|  |TAMS 0x0000000083300000, 0x0000000083300000| Untracked 
|  16|0x0000000083400000, 0x0000000083400000, 0x0000000083500000|  0%| F|  |TAMS 0x0000000083400000, 0x0000000083400000| Untracked 
|  17|0x0000000083500000, 0x0000000083500000, 0x0000000083600000|  0%| F|  |TAMS 0x0000000083500000, 0x0000000083500000| Untracked 
|  18|0x0000000083600000, 0x0000000083680000, 0x0000000083700000| 50%| S|CS|TAMS 0x0000000083600000, 0x0000000083600000| Complete 
|  19|0x0000000083700000, 0x0000000083800000, 0x0000000083800000|100%| S|CS|TAMS 0x0000000083700000, 0x0000000083700000| Complete 
|  20|0x0000000083800000, 0x0000000083900000, 0x0000000083900000|100%| S|CS|TAMS 0x0000000083800000, 0x0000000083800000| Complete 
|  21|0x0000000083900000, 0x0000000083a00000, 0x0000000083a00000|100%| S|CS|TAMS 0x0000000083900000, 0x0000000083900000| Complete 
|  22|0x0000000083a00000, 0x0000000083a00000, 0x0000000083b00000|  0%| F|  |TAMS 0x0000000083a00000, 0x0000000083a00000| Untracked 
|  23|0x0000000083b00000, 0x0000000083b00000, 0x0000000083c00000|  0%| F|  |TAMS 0x0000000083b00000, 0x0000000083b00000| Untracked 
|  24|0x0000000083c00000, 0x0000000083c00000, 0x0000000083d00000|  0%| F|  |TAMS 0x0000000083c00000, 0x0000000083c00000| Untracked 
|  25|0x0000000083d00000, 0x0000000083d00000, 0x0000000083e00000|  0%| F|  |TAMS 0x0000000083d00000, 0x0000000083d00000| Untracked 
|  26|0x0000000083e00000, 0x0000000083e00000, 0x0000000083f00000|  0%| F|  |TAMS 0x0000000083e00000, 0x0000000083e00000| Untracked 
|  27|0x0000000083f00000, 0x0000000083f00000, 0x0000000084000000|  0%| F|  |TAMS 0x0000000083f00000, 0x0000000083f00000| Untracked 
|  28|0x0000000084000000, 0x0000000084000000, 0x0000000084100000|  0%| F|  |TAMS 0x0000000084000000, 0x0000000084000000| Untracked 
|  29|0x0000000084100000, 0x0000000084100000, 0x0000000084200000|  0%| F|  |TAMS 0x0000000084100000, 0x0000000084100000| Untracked 
|  30|0x0000000084200000, 0x0000000084200000, 0x0000000084300000|  0%| F|  |TAMS 0x0000000084200000, 0x0000000084200000| Untracked 
|  31|0x0000000084300000, 0x0000000084300000, 0x0000000084400000|  0%| F|  |TAMS 0x0000000084300000, 0x0000000084300000| Untracked 
|  32|0x0000000084400000, 0x0000000084400000, 0x0000000084500000|  0%| F|  |TAMS 0x0000000084400000, 0x0000000084400000| Untracked 
|  33|0x0000000084500000, 0x0000000084500000, 0x0000000084600000|  0%| F|  |TAMS 0x0000000084500000, 0x0000000084500000| Untracked 
|  34|0x0000000084600000, 0x0000000084600000, 0x0000000084700000|  0%| F|  |TAMS 0x0000000084600000, 0x0000000084600000| Untracked 
|  35|0x0000000084700000, 0x0000000084700000, 0x0000000084800000|  0%| F|  |TAMS 0x0000000084700000, 0x0000000084700000| Untracked 
|  36|0x0000000084800000, 0x0000000084800000, 0x0000000084900000|  0%| F|  |TAMS 0x0000000084800000, 0x0000000084800000| Untracked 
|  37|0x0000000084900000, 0x0000000084900000, 0x0000000084a00000|  0%| F|  |TAMS 0x0000000084900000, 0x0000000084900000| Untracked 
|  38|0x0000000084a00000, 0x0000000084ade568, 0x0000000084b00000| 86%| E|  |TAMS 0x0000000084a00000, 0x0000000084a00000| Complete 
|  39|0x0000000084b00000, 0x0000000084c00000, 0x0000000084c00000|100%| E|CS|TAMS 0x0000000084b00000, 0x0000000084b00000| Complete 
|  40|0x0000000084c00000, 0x0000000084d00000, 0x0000000084d00000|100%| E|CS|TAMS 0x0000000084c00000, 0x0000000084c00000| Complete 
|  41|0x0000000084d00000, 0x0000000084e00000, 0x0000000084e00000|100%| E|CS|TAMS 0x0000000084d00000, 0x0000000084d00000| Complete 
|  42|0x0000000084e00000, 0x0000000084f00000, 0x0000000084f00000|100%| E|CS|TAMS 0x0000000084e00000, 0x0000000084e00000| Complete 
|  43|0x0000000084f00000, 0x0000000085000000, 0x0000000085000000|100%| E|CS|TAMS 0x0000000084f00000, 0x0000000084f00000| Complete 
|  44|0x0000000085000000, 0x0000000085100000, 0x0000000085100000|100%| E|CS|TAMS 0x0000000085000000, 0x0000000085000000| Complete 
|  45|0x0000000085100000, 0x0000000085200000, 0x0000000085200000|100%| E|CS|TAMS 0x0000000085100000, 0x0000000085100000| Complete 
|  79|0x0000000087300000, 0x0000000087400000, 0x0000000087400000|100%| E|CS|TAMS 0x0000000087300000, 0x0000000087300000| Complete 
|  80|0x0000000087400000, 0x0000000087500000, 0x0000000087500000|100%| E|CS|TAMS 0x0000000087400000, 0x0000000087400000| Complete 
|  81|0x0000000087500000, 0x0000000087600000, 0x0000000087600000|100%| E|CS|TAMS 0x0000000087500000, 0x0000000087500000| Complete 
|  82|0x0000000087600000, 0x0000000087700000, 0x0000000087700000|100%| E|CS|TAMS 0x0000000087600000, 0x0000000087600000| Complete 
|  83|0x0000000087700000, 0x0000000087800000, 0x0000000087800000|100%| E|CS|TAMS 0x0000000087700000, 0x0000000087700000| Complete 
|  84|0x0000000087800000, 0x0000000087900000, 0x0000000087900000|100%| E|CS|TAMS 0x0000000087800000, 0x0000000087800000| Complete 
|  85|0x0000000087900000, 0x0000000087a00000, 0x0000000087a00000|100%| E|CS|TAMS 0x0000000087900000, 0x0000000087900000| Complete 
| 125|0x000000008a100000, 0x000000008a200000, 0x000000008a200000|100%| E|CS|TAMS 0x000000008a100000, 0x000000008a100000| Complete 

Card table byte_map: [0x000002839d330000,0x000002839d720000] _byte_map_base: 0x000002839cf1e000

Marking Bits (Prev, Next): (CMBitMap*) 0x0000028385d51e60, (CMBitMap*) 0x0000028385d51e20
 Prev Bits: [0x000002839fa80000, 0x00000283a19f0000)
 Next Bits: [0x000002839db10000, 0x000002839fa80000)

Polling page: 0x00000283854e0000

Metaspace:

Usage:
  Non-class:     22.56 MB capacity,    22.31 MB ( 99%) used,   225.60 KB ( <1%) free+waste,    38.81 KB ( <1%) overhead. 
      Class:      3.20 MB capacity,     3.07 MB ( 96%) used,   116.73 KB (  4%) free+waste,    15.56 KB ( <1%) overhead. 
       Both:     25.77 MB capacity,    25.38 MB ( 98%) used,   342.33 KB (  1%) free+waste,    54.38 KB ( <1%) overhead. 

Virtual space:
  Non-class space:       24.00 MB reserved,      22.67 MB ( 94%) committed 
      Class space:        1.00 GB reserved,       3.25 MB ( <1%) committed 
             Both:        1.02 GB reserved,      25.92 MB (  2%) committed 

Chunk freelists:
   Non-Class:  46.00 KB
       Class:  17.00 KB
        Both:  63.00 KB

MaxMetaspaceSize: 17179869184.00 GB
CompressedClassSpaceSize: 1.00 GB

CodeHeap 'non-profiled nmethods': size=120000Kb used=1940Kb max_used=1940Kb free=118059Kb
 bounds [0x0000028395a10000, 0x0000028395c80000, 0x000002839cf40000]
CodeHeap 'profiled nmethods': size=120000Kb used=8273Kb max_used=8273Kb free=111726Kb
 bounds [0x000002838e4e0000, 0x000002838ed00000, 0x0000028395a10000]
CodeHeap 'non-nmethods': size=5760Kb used=1211Kb max_used=1259Kb free=4548Kb
 bounds [0x000002838df40000, 0x000002838e1b0000, 0x000002838e4e0000]
 total_blobs=4343 nmethods=3865 adapters=391
 compilation: enabled
              stopped_count=0, restarted_count=0
 full_count=0

Compilation events (20 events):
Event: 10.391 Thread 0x00000283a3ee0e00 3834   !   3       java.lang.reflect.Executable::sharedToGenericString (255 bytes)
Event: 10.395 Thread 0x00000283a3ee0e00 nmethod 3834 0x000002838ece0190 code [0x000002838ece06e0, 0x000002838ece2d78]
Event: 10.395 Thread 0x00000283a3ee0e00 3835       3       java.util.regex.Pattern$Start::match (90 bytes)
Event: 10.396 Thread 0x00000283a3ee0e00 nmethod 3835 0x000002838ece3e90 code [0x000002838ece4060, 0x000002838ece4428]
Event: 10.396 Thread 0x00000283a3ee0e00 3836       3       java.util.Collections$UnmodifiableMap$UnmodifiableEntrySet$UnmodifiableEntry::getValue (10 bytes)
Event: 10.396 Thread 0x00000283a3ee0e00 nmethod 3836 0x000002838ece4610 code [0x000002838ece47c0, 0x000002838ece4988]
Event: 10.396 Thread 0x00000283a3ee0e00 3837       2       java.util.regex.Pattern$Slice::match (79 bytes)
Event: 10.397 Thread 0x00000283a3ee0e00 nmethod 3837 0x000002838ece4a90 code [0x000002838ece4c40, 0x000002838ece4eb8]
Event: 10.397 Thread 0x00000283a3ee0e00 3838       3       java.util.TreeMap$ValueIterator::next (8 bytes)
Event: 10.397 Thread 0x00000283a3ee0e00 nmethod 3838 0x000002838ece5010 code [0x000002838ece51c0, 0x000002838ece52e8]
Event: 10.398 Thread 0x00000283a3ee0e00 3839  s!   3       java.beans.PropertyDescriptor::getWriteMethod (152 bytes)
Event: 10.401 Thread 0x00000283a3ee0e00 nmethod 3839 0x000002838ece5390 code [0x000002838ece56a0, 0x000002838ece6f58]
Event: 10.401 Thread 0x00000283a3ee0e00 3840       3       java.beans.MethodRef::isSet (13 bytes)
Event: 10.402 Thread 0x00000283a3ee0e00 nmethod 3840 0x000002838ece7610 code [0x000002838ece77a0, 0x000002838ece78f8]
Event: 10.402 Thread 0x00000283a3ee0e00 3841       3       java.beans.PropertyDescriptor::setPropertyType (9 bytes)
Event: 10.402 Thread 0x00000283a3ee0e00 nmethod 3841 0x000002838ece7990 code [0x000002838ece7b60, 0x000002838ece7ee8]
Event: 10.407 Thread 0x00000283a3ee0e00 3842       3       java.util.TreeMap::getFirstEntry (26 bytes)
Event: 10.408 Thread 0x00000283a3ee0e00 nmethod 3842 0x000002838ece8010 code [0x000002838ece81c0, 0x000002838ece83b8]
Event: 10.408 Thread 0x00000283a3ee0e00 3843       3       java.util.TreeMap$PrivateEntryIterator::<init> (28 bytes)
Event: 10.408 Thread 0x00000283a3ee0e00 nmethod 3843 0x000002838ece8490 code [0x000002838ece8640, 0x000002838ece8898]

GC Heap History (12 events):
Event: 1.786 GC heap before
{Heap before GC invocations=0 (full 0):
 garbage-first heap   total 129024K, used 13312K [0x0000000082400000, 0x0000000100000000)
  region size 1024K, 13 young (13312K), 0 survivors (0K)
 Metaspace       used 3223K, capacity 5491K, committed 5760K, reserved 1056768K
  class space    used 323K, capacity 529K, committed 640K, reserved 1048576K
}
Event: 1.795 GC heap after
{Heap after GC invocations=1 (full 0):
 garbage-first heap   total 129024K, used 7275K [0x0000000082400000, 0x0000000100000000)
  region size 1024K, 2 young (2048K), 2 survivors (2048K)
 Metaspace       used 3223K, capacity 5491K, committed 5760K, reserved 1056768K
  class space    used 323K, capacity 529K, committed 640K, reserved 1048576K
}
Event: 2.398 GC heap before
{Heap before GC invocations=1 (full 0):
 garbage-first heap   total 129024K, used 15467K [0x0000000082400000, 0x0000000100000000)
  region size 1024K, 10 young (10240K), 2 survivors (2048K)
 Metaspace       used 5269K, capacity 6909K, committed 7168K, reserved 1056768K
  class space    used 559K, capacity 702K, committed 768K, reserved 1048576K
}
Event: 2.405 GC heap after
{Heap after GC invocations=2 (full 0):
 garbage-first heap   total 129024K, used 8220K [0x0000000082400000, 0x0000000100000000)
  region size 1024K, 1 young (1024K), 1 survivors (1024K)
 Metaspace       used 5269K, capacity 6909K, committed 7168K, reserved 1056768K
  class space    used 559K, capacity 702K, committed 768K, reserved 1048576K
}
Event: 4.476 GC heap before
{Heap before GC invocations=2 (full 0):
 garbage-first heap   total 129024K, used 28700K [0x0000000082400000, 0x0000000100000000)
  region size 1024K, 21 young (21504K), 1 survivors (1024K)
 Metaspace       used 10032K, capacity 10516K, committed 10752K, reserved 1058816K
  class space    used 1172K, capacity 1239K, committed 1280K, reserved 1048576K
}
Event: 4.483 GC heap after
{Heap after GC invocations=3 (full 0):
 garbage-first heap   total 129024K, used 9510K [0x0000000082400000, 0x0000000100000000)
  region size 1024K, 2 young (2048K), 2 survivors (2048K)
 Metaspace       used 10032K, capacity 10516K, committed 10752K, reserved 1058816K
  class space    used 1172K, capacity 1239K, committed 1280K, reserved 1048576K
}
Event: 6.769 GC heap before
{Heap before GC invocations=3 (full 0):
 garbage-first heap   total 129024K, used 83238K [0x0000000082400000, 0x0000000100000000)
  region size 1024K, 75 young (76800K), 2 survivors (2048K)
 Metaspace       used 18241K, capacity 18480K, committed 18688K, reserved 1064960K
  class space    used 2177K, capacity 2250K, committed 2304K, reserved 1048576K
}
Event: 6.784 GC heap after
{Heap after GC invocations=4 (full 0):
 garbage-first heap   total 129024K, used 12462K [0x0000000082400000, 0x0000000100000000)
  region size 1024K, 5 young (5120K), 5 survivors (5120K)
 Metaspace       used 18241K, capacity 18480K, committed 18688K, reserved 1064960K
  class space    used 2177K, capacity 2250K, committed 2304K, reserved 1048576K
}
Event: 8.103 GC heap before
{Heap before GC invocations=4 (full 0):
 garbage-first heap   total 129024K, used 51374K [0x0000000082400000, 0x0000000100000000)
  region size 1024K, 45 young (46080K), 5 survivors (5120K)
 Metaspace       used 20875K, capacity 21156K, committed 21296K, reserved 1069056K
  class space    used 2483K, capacity 2601K, committed 2688K, reserved 1048576K
}
Event: 8.119 GC heap after
{Heap after GC invocations=5 (full 0):
 garbage-first heap   total 129024K, used 13880K [0x0000000082400000, 0x0000000100000000)
  region size 1024K, 7 young (7168K), 7 survivors (7168K)
 Metaspace       used 20875K, capacity 21156K, committed 21296K, reserved 1069056K
  class space    used 2483K, capacity 2601K, committed 2688K, reserved 1048576K
}
Event: 9.401 GC heap before
{Heap before GC invocations=6 (full 0):
 garbage-first heap   total 55296K, used 39480K [0x0000000082400000, 0x0000000100000000)
  region size 1024K, 32 young (32768K), 7 survivors (7168K)
 Metaspace       used 23359K, capacity 23732K, committed 23856K, reserved 1071104K
  class space    used 2823K, capacity 2941K, committed 2944K, reserved 1048576K
}
Event: 9.426 GC heap after
{Heap after GC invocations=7 (full 0):
 garbage-first heap   total 55296K, used 15528K [0x0000000082400000, 0x0000000100000000)
  region size 1024K, 4 young (4096K), 4 survivors (4096K)
 Metaspace       used 23359K, capacity 23732K, committed 23856K, reserved 1071104K
  class space    used 2823K, capacity 2941K, committed 2944K, reserved 1048576K
}

Deoptimization events (20 events):
Event: 10.116 Thread 0x0000028385d10760 Uncommon trap: trap_request=0xffffffde fr.pc=0x0000028395baea98 relative=0x0000000000000258
Event: 10.116 Thread 0x0000028385d10760 Uncommon trap: reason=class_check action=maybe_recompile pc=0x0000028395baea98 method=java.util.regex.Pattern$Slice.match(Ljava/util/regex/Matcher;ILjava/lang/CharSequence;)Z @ 75 c2
Event: 10.116 Thread 0x0000028385d10760 DEOPT PACKING pc=0x0000028395baea98 sp=0x000000c2370fd0a0
Event: 10.116 Thread 0x0000028385d10760 DEOPT UNPACKING pc=0x000002838df8e129 sp=0x000000c2370fd040 mode 2
Event: 10.116 Thread 0x0000028385d10760 Uncommon trap: trap_request=0xffffffde fr.pc=0x0000028395baea98 relative=0x0000000000000258
Event: 10.116 Thread 0x0000028385d10760 Uncommon trap: reason=class_check action=maybe_recompile pc=0x0000028395baea98 method=java.util.regex.Pattern$Slice.match(Ljava/util/regex/Matcher;ILjava/lang/CharSequence;)Z @ 75 c2
Event: 10.116 Thread 0x0000028385d10760 DEOPT PACKING pc=0x0000028395baea98 sp=0x000000c2370fd0a0
Event: 10.116 Thread 0x0000028385d10760 DEOPT UNPACKING pc=0x000002838df8e129 sp=0x000000c2370fd040 mode 2
Event: 10.116 Thread 0x0000028385d10760 Uncommon trap: trap_request=0xffffffde fr.pc=0x0000028395baea98 relative=0x0000000000000258
Event: 10.116 Thread 0x0000028385d10760 Uncommon trap: reason=class_check action=maybe_recompile pc=0x0000028395baea98 method=java.util.regex.Pattern$Slice.match(Ljava/util/regex/Matcher;ILjava/lang/CharSequence;)Z @ 75 c2
Event: 10.116 Thread 0x0000028385d10760 DEOPT PACKING pc=0x0000028395baea98 sp=0x000000c2370fd0e0
Event: 10.116 Thread 0x0000028385d10760 DEOPT UNPACKING pc=0x000002838df8e129 sp=0x000000c2370fd080 mode 2
Event: 10.117 Thread 0x0000028385d10760 Uncommon trap: trap_request=0xffffffde fr.pc=0x0000028395baea98 relative=0x0000000000000258
Event: 10.117 Thread 0x0000028385d10760 Uncommon trap: reason=class_check action=maybe_recompile pc=0x0000028395baea98 method=java.util.regex.Pattern$Slice.match(Ljava/util/regex/Matcher;ILjava/lang/CharSequence;)Z @ 75 c2
Event: 10.117 Thread 0x0000028385d10760 DEOPT PACKING pc=0x0000028395baea98 sp=0x000000c2370fd0e0
Event: 10.117 Thread 0x0000028385d10760 DEOPT UNPACKING pc=0x000002838df8e129 sp=0x000000c2370fd080 mode 2
Event: 10.185 Thread 0x0000028385d10760 Uncommon trap: trap_request=0xffffffde fr.pc=0x0000028395bac438 relative=0x0000000000000218
Event: 10.185 Thread 0x0000028385d10760 Uncommon trap: reason=class_check action=maybe_recompile pc=0x0000028395bac438 method=sun.reflect.generics.reflectiveObjects.TypeVariableImpl.hashCode()I @ 4 c2
Event: 10.185 Thread 0x0000028385d10760 DEOPT PACKING pc=0x0000028395bac438 sp=0x000000c2370fd3a0
Event: 10.185 Thread 0x0000028385d10760 DEOPT UNPACKING pc=0x000002838df8e129 sp=0x000000c2370fd338 mode 2

Classes unloaded (0 events):
No events

Classes redefined (0 events):
No events

Internal exceptions (20 events):
Event: 10.278 Thread 0x0000028385d10760 Exception <a 'java/lang/ClassNotFoundException'{0x0000000084dcef80}: org/springframework/boot/autoconfigure/orm/jpa/DataSourceInitializedPublisherCustomizer> (0x0000000084dcef80) 
thrown [./open/src/hotspot/share/classfile/systemDictionary.cpp, line 295]
Event: 10.279 Thread 0x0000028385d10760 Exception <a 'java/lang/ClassNotFoundException'{0x0000000084dd6880}: org/springframework/beans/factory/config/BeanPostProcessorCustomizer> (0x0000000084dd6880) 
thrown [./open/src/hotspot/share/classfile/systemDictionary.cpp, line 295]
Event: 10.312 Thread 0x0000028385d10760 Exception <a 'java/lang/ClassNotFoundException'{0x0000000084c47fe8}: java/lang/ObjectCustomizer> (0x0000000084c47fe8) 
thrown [./open/src/hotspot/share/classfile/systemDictionary.cpp, line 295]
Event: 10.314 Thread 0x0000028385d10760 Exception <a 'java/lang/ClassNotFoundException'{0x0000000084c50f30}: org/springframework/transaction/annotation/AbstractTransactionManagementConfigurationCustomizer> (0x0000000084c50f30) 
thrown [./open/src/hotspot/share/classfile/systemDictionary.cpp, line 295]
Event: 10.316 Thread 0x0000028385d10760 Exception <a 'java/lang/ClassNotFoundException'{0x0000000084c58e70}: org/springframework/transaction/annotation/ProxyTransactionManagementConfigurationCustomizer> (0x0000000084c58e70) 
thrown [./open/src/hotspot/share/classfile/systemDictionary.cpp, line 295]
Event: 10.318 Thread 0x0000028385d10760 Exception <a 'java/lang/ClassNotFoundException'{0x0000000084c61f48}: org/springframework/context/annotation/ImportAwareCustomizer> (0x0000000084c61f48) 
thrown [./open/src/hotspot/share/classfile/systemDictionary.cpp, line 295]
Event: 10.319 Thread 0x0000028385d10760 Exception <a 'java/lang/ClassNotFoundException'{0x0000000084c68188}: org/springframework/beans/factory/AwareCustomizer> (0x0000000084c68188) 
thrown [./open/src/hotspot/share/classfile/systemDictionary.cpp, line 295]
Event: 10.340 Thread 0x0000028385d10760 Exception <a 'java/lang/ClassNotFoundException'{0x0000000084cb1dd0}: java/lang/ObjectCustomizer> (0x0000000084cb1dd0) 
thrown [./open/src/hotspot/share/classfile/systemDictionary.cpp, line 295]
Event: 10.342 Thread 0x0000028385d10760 Exception <a 'java/lang/ClassNotFoundException'{0x0000000084cbad18}: org/springframework/transaction/interceptor/AbstractFallbackTransactionAttributeSourceCustomizer> (0x0000000084cbad18) 
thrown [./open/src/hotspot/share/classfile/systemDictionary.cpp, line 295]
Event: 10.343 Thread 0x0000028385d10760 Exception <a 'java/lang/ClassNotFoundException'{0x0000000084cc3880}: org/springframework/transaction/annotation/AnnotationTransactionAttributeSourceCustomizer> (0x0000000084cc3880) 
thrown [./open/src/hotspot/share/classfile/systemDictionary.cpp, line 295]
Event: 10.345 Thread 0x0000028385d10760 Exception <a 'java/lang/ClassNotFoundException'{0x0000000084ccd3f8}: org/springframework/transaction/interceptor/TransactionAttributeSourceCustomizer> (0x0000000084ccd3f8) 
thrown [./open/src/hotspot/share/classfile/systemDictionary.cpp, line 295]
Event: 10.347 Thread 0x0000028385d10760 Exception <a 'java/lang/ClassNotFoundException'{0x0000000084cd4ab0}: org/springframework/context/EmbeddedValueResolverAwareCustomizer> (0x0000000084cd4ab0) 
thrown [./open/src/hotspot/share/classfile/systemDictionary.cpp, line 295]
Event: 10.348 Thread 0x0000028385d10760 Exception <a 'java/lang/ClassNotFoundException'{0x0000000084cda8e8}: org/springframework/beans/factory/AwareCustomizer> (0x0000000084cda8e8) 
thrown [./open/src/hotspot/share/classfile/systemDictionary.cpp, line 295]
Event: 10.391 Thread 0x0000028385d10760 Exception <a 'java/lang/ClassNotFoundException'{0x0000000084b475f8}: java/lang/ObjectCustomizer> (0x0000000084b475f8) 
thrown [./open/src/hotspot/share/classfile/systemDictionary.cpp, line 295]
Event: 10.395 Thread 0x0000028385d10760 Exception <a 'java/lang/ClassNotFoundException'{0x0000000084b50130}: org/springframework/transaction/interceptor/TransactionAspectSupportCustomizer> (0x0000000084b50130) 
thrown [./open/src/hotspot/share/classfile/systemDictionary.cpp, line 295]
Event: 10.398 Thread 0x0000028385d10760 Exception <a 'java/lang/ClassNotFoundException'{0x0000000084b5f408}: org/springframework/transaction/interceptor/TransactionInterceptorCustomizer> (0x0000000084b5f408) 
thrown [./open/src/hotspot/share/classfile/systemDictionary.cpp, line 295]
Event: 10.400 Thread 0x0000028385d10760 Exception <a 'java/lang/ClassNotFoundException'{0x0000000084b6afa0}: org/aopalliance/intercept/MethodInterceptorCustomizer> (0x0000000084b6afa0) 
thrown [./open/src/hotspot/share/classfile/systemDictionary.cpp, line 295]
Event: 10.403 Thread 0x0000028385d10760 Exception <a 'java/lang/ClassNotFoundException'{0x0000000084b70d20}: org/aopalliance/intercept/InterceptorCustomizer> (0x0000000084b70d20) 
thrown [./open/src/hotspot/share/classfile/systemDictionary.cpp, line 295]
Event: 10.407 Thread 0x0000028385d10760 Exception <a 'java/lang/ClassNotFoundException'{0x0000000084b759c8}: org/aopalliance/aop/AdviceCustomizer> (0x0000000084b759c8) 
thrown [./open/src/hotspot/share/classfile/systemDictionary.cpp, line 295]
Event: 10.410 Thread 0x0000028385d10760 Exception <a 'java/lang/ClassNotFoundException'{0x0000000084b7abe0}: org/springframework/beans/factory/BeanFactoryAwareCustomizer> (0x0000000084b7abe0) 
thrown [./open/src/hotspot/share/classfile/systemDictionary.cpp, line 295]

Events (20 events):
Event: 10.267 loading class java/lang/ObjectCustomizer
Event: 10.267 loading class java/lang/ObjectCustomizer done
Event: 10.267 loading class java/lang/ObjectCustomizer
Event: 10.267 loading class java/lang/ObjectCustomizer done
Event: 10.276 loading class java/lang/ObjectCustomizer
Event: 10.276 loading class java/lang/ObjectCustomizer done
Event: 10.276 loading class java/lang/ObjectCustomizer
Event: 10.276 loading class java/lang/ObjectCustomizer done
Event: 10.312 loading class java/lang/ObjectCustomizer
Event: 10.312 loading class java/lang/ObjectCustomizer done
Event: 10.312 loading class java/lang/ObjectCustomizer
Event: 10.312 loading class java/lang/ObjectCustomizer done
Event: 10.340 loading class java/lang/ObjectCustomizer
Event: 10.340 loading class java/lang/ObjectCustomizer done
Event: 10.340 loading class java/lang/ObjectCustomizer
Event: 10.340 loading class java/lang/ObjectCustomizer done
Event: 10.390 loading class java/lang/ObjectCustomizer
Event: 10.390 loading class java/lang/ObjectCustomizer done
Event: 10.390 loading class java/lang/ObjectCustomizer
Event: 10.390 loading class java/lang/ObjectCustomizer done


Dynamic libraries:
0x00007ff69ac70000 - 0x00007ff69ac7f000 	C:\Program Files\Java\jdk-15.0.2\bin\java.exe
0x00007ffc7b8f0000 - 0x00007ffc7bae5000 	C:\Windows\SYSTEM32\ntdll.dll
0x00007ffc7a050000 - 0x00007ffc7a10d000 	C:\Windows\System32\KERNEL32.DLL
0x00007ffc791c0000 - 0x00007ffc79488000 	C:\Windows\System32\KERNELBASE.dll
0x00007ffc79490000 - 0x00007ffc79590000 	C:\Windows\System32\ucrtbase.dll
0x00007ffc72c00000 - 0x00007ffc72c18000 	C:\Program Files\Java\jdk-15.0.2\bin\jli.dll
0x00007ffc79b70000 - 0x00007ffc79c1c000 	C:\Windows\System32\ADVAPI32.dll
0x00007ffc75660000 - 0x00007ffc75679000 	C:\Program Files\Java\jdk-15.0.2\bin\VCRUNTIME140.dll
0x00007ffc7b770000 - 0x00007ffc7b80e000 	C:\Windows\System32\msvcrt.dll
0x00007ffc7b810000 - 0x00007ffc7b8ab000 	C:\Windows\System32\sechost.dll
0x00007ffc79c90000 - 0x00007ffc79dbb000 	C:\Windows\System32\RPCRT4.dll
0x00007ffc7a110000 - 0x00007ffc7a2b0000 	C:\Windows\System32\USER32.dll
0x00007ffc79640000 - 0x00007ffc79662000 	C:\Windows\System32\win32u.dll
0x00007ffc79950000 - 0x00007ffc7997a000 	C:\Windows\System32\GDI32.dll
0x00007ffc79670000 - 0x00007ffc7977b000 	C:\Windows\System32\gdi32full.dll
0x00007ffc797e0000 - 0x00007ffc7987d000 	C:\Windows\System32\msvcp_win.dll
0x00007ffc78450000 - 0x00007ffc786ea000 	C:\Windows\WinSxS\amd64_microsoft.windows.common-controls_6595b64144ccf1df_6.0.19041.844_none_ca00b6081b84eb1d\COMCTL32.dll
0x00007ffc71b80000 - 0x00007ffc71b8a000 	C:\Windows\SYSTEM32\VERSION.dll
0x00007ffc7b570000 - 0x00007ffc7b5a0000 	C:\Windows\System32\IMM32.DLL
0x00007ffc72830000 - 0x00007ffc7283c000 	C:\Program Files\Java\jdk-15.0.2\bin\vcruntime140_1.dll
0x00007ffc51b50000 - 0x00007ffc51be1000 	C:\Program Files\Java\jdk-15.0.2\bin\msvcp140.dll
0x00007ffc180d0000 - 0x00007ffc18c2e000 	C:\Program Files\Java\jdk-15.0.2\bin\server\jvm.dll
0x00007ffc7ae80000 - 0x00007ffc7ae88000 	C:\Windows\System32\PSAPI.DLL
0x00007ffc67ea0000 - 0x00007ffc67ea9000 	C:\Windows\SYSTEM32\WSOCK32.dll
0x00007ffc79c20000 - 0x00007ffc79c8b000 	C:\Windows\System32\WS2_32.dll
0x00007ffc6f610000 - 0x00007ffc6f637000 	C:\Windows\SYSTEM32\WINMM.dll
0x00007ffc76220000 - 0x00007ffc76232000 	C:\Windows\SYSTEM32\kernel.appcore.dll
0x00007ffc72820000 - 0x00007ffc7282a000 	C:\Program Files\Java\jdk-15.0.2\bin\jimage.dll
0x00007ffc789e0000 - 0x00007ffc78bc4000 	C:\Windows\SYSTEM32\DBGHELP.DLL
0x00007ffc78810000 - 0x00007ffc7883c000 	C:\Windows\SYSTEM32\dbgcore.DLL
0x00007ffc798d0000 - 0x00007ffc79950000 	C:\Windows\System32\bcryptPrimitives.dll
0x00007ffc715a0000 - 0x00007ffc715ae000 	C:\Program Files\Java\jdk-15.0.2\bin\instrument.dll
0x00007ffc727f0000 - 0x00007ffc72815000 	C:\Program Files\Java\jdk-15.0.2\bin\java.dll
0x00007ffc7a620000 - 0x00007ffc7ad62000 	C:\Windows\System32\SHELL32.dll
0x00007ffc763b0000 - 0x00007ffc76b40000 	C:\Windows\SYSTEM32\windows.storage.dll
0x00007ffc7a2c0000 - 0x00007ffc7a615000 	C:\Windows\System32\combase.dll
0x00007ffc783b0000 - 0x00007ffc783dc000 	C:\Windows\SYSTEM32\Wldp.dll
0x00007ffc7ad70000 - 0x00007ffc7ae1e000 	C:\Windows\System32\SHCORE.dll
0x00007ffc79b10000 - 0x00007ffc79b65000 	C:\Windows\System32\shlwapi.dll
0x00007ffc78f70000 - 0x00007ffc78f8f000 	C:\Windows\SYSTEM32\profapi.dll
0x00007ffc715c0000 - 0x00007ffc715d8000 	C:\Program Files\Java\jdk-15.0.2\bin\zip.dll
0x00007ffc71600000 - 0x00007ffc71619000 	C:\Program Files\Java\jdk-15.0.2\bin\net.dll
0x00007ffc6e270000 - 0x00007ffc6e37b000 	C:\Windows\SYSTEM32\WINHTTP.dll
0x00007ffc78110000 - 0x00007ffc7817a000 	C:\Windows\system32\mswsock.dll
0x00007ffc715e0000 - 0x00007ffc715f2000 	C:\Program Files\Java\jdk-15.0.2\bin\nio.dll
0x00007ffc68ec0000 - 0x00007ffc68eda000 	C:\Program Files\JetBrains\IntelliJ IDEA 2020.3.3\bin\breakgen64.dll
0x00007ffc716e0000 - 0x00007ffc716f0000 	C:\Program Files\Java\jdk-15.0.2\bin\verify.dll
0x00007ffc71320000 - 0x00007ffc71329000 	C:\Program Files\Java\jdk-15.0.2\bin\management.dll
0x00007ffc70990000 - 0x00007ffc7099b000 	C:\Program Files\Java\jdk-15.0.2\bin\management_ext.dll
0x00007ffc62740000 - 0x00007ffc62757000 	C:\Windows\system32\napinsp.dll
0x00007ffc62720000 - 0x00007ffc6273b000 	C:\Windows\system32\pnrpnsp.dll
0x00007ffc722f0000 - 0x00007ffc72305000 	C:\Windows\system32\wshbth.dll
0x00007ffc734e0000 - 0x00007ffc734fd000 	C:\Windows\system32\NLAapi.dll
0x00007ffc77e10000 - 0x00007ffc77e4b000 	C:\Windows\SYSTEM32\IPHLPAPI.DLL
0x00007ffc77e50000 - 0x00007ffc77f1c000 	C:\Windows\SYSTEM32\DNSAPI.dll
0x00007ffc7b620000 - 0x00007ffc7b628000 	C:\Windows\System32\NSI.dll
0x00007ffc623c0000 - 0x00007ffc623d2000 	C:\Windows\System32\winrnr.dll
0x00007ffc69020000 - 0x00007ffc6902a000 	C:\Windows\System32\rasadhlp.dll
0x00007ffc68e40000 - 0x00007ffc68ebf000 	C:\Windows\System32\fwpuclnt.dll
0x00007ffc79190000 - 0x00007ffc791b7000 	C:\Windows\System32\bcrypt.dll

dbghelp: loaded successfully - version: 4.0.5 - missing functions: none
symbol engine: initialized successfully - sym options: 0x614 - pdb path: .;C:\Program Files\Java\jdk-15.0.2\bin;C:\Windows\SYSTEM32;C:\Windows\WinSxS\amd64_microsoft.windows.common-controls_6595b64144ccf1df_6.0.19041.844_none_ca00b6081b84eb1d;C:\Program Files\Java\jdk-15.0.2\bin\server;C:\Program Files\JetBrains\IntelliJ IDEA 2020.3.3\bin

VM Arguments:
jvm_args: -ea -Didea.test.cyclic.buffer.size=1048576 -javaagent:C:\Program Files\JetBrains\IntelliJ IDEA 2020.3.3\lib\idea_rt.jar=56715:C:\Program Files\JetBrains\IntelliJ IDEA 2020.3.3\bin -Dfile.encoding=UTF-8 
java_command: com.intellij.rt.junit.JUnitStarter -ideVersion5 -junit4 isa9.Farmacy.controller.AppointmentControllerTest,testGetFreeDernatologist
java_class_path (initial): C:\Program Files\JetBrains\IntelliJ IDEA 2020.3.3\lib\idea_rt.jar;C:\Program Files\JetBrains\IntelliJ IDEA 2020.3.3\plugins\junit\lib\junit5-rt.jar;C:\Program Files\JetBrains\IntelliJ IDEA 2020.3.3\plugins\junit\lib\junit-rt.jar;C:\FAKS\3. GODINA\ISA\Farmacy\mrs-isa\backend\target\test-classes;C:\FAKS\3. GODINA\ISA\Farmacy\mrs-isa\backend\target\classes;C:\Users\misa0\.m2\repository\org\springframework\boot\spring-boot-starter-data-jpa\2.4.3\spring-boot-starter-data-jpa-2.4.3.jar;C:\Users\misa0\.m2\repository\org\springframework\boot\spring-boot-starter-aop\2.4.3\spring-boot-starter-aop-2.4.3.jar;C:\Users\misa0\.m2\repository\org\aspectj\aspectjweaver\1.9.6\aspectjweaver-1.9.6.jar;C:\Users\misa0\.m2\repository\org\springframework\boot\spring-boot-starter-jdbc\2.4.3\spring-boot-starter-jdbc-2.4.3.jar;C:\Users\misa0\.m2\repository\com\zaxxer\HikariCP\3.4.5\HikariCP-3.4.5.jar;C:\Users\misa0\.m2\repository\org\springframework\spring-jdbc\5.3.4\spring-jdbc-5.3.4.jar;C:\Users\misa0\.m2\repository\jakarta\transaction\jakarta.transaction-api\1.3.3\jakarta.transaction-api-1.3.3.jar;C:\Users\misa0\.m2\repository\jakarta\persistence\jakarta.persistence-api\2.2.3\jakarta.persistence-api-2.2.3.jar;C:\Users\misa0\.m2\repository\org\hibernate\hibernate-core\5.4.28.Final\hibernate-core-5.4.28.Final.jar;C:\Users\misa0\.m2\repository\org\jboss\logging\jboss-logging\3.4.1.Final\jboss-logging-3.4.1.Final.jar;C:\Users\misa0\.m2\repository\org\javassist\javassist\3.27.0-GA\javassist-3.27.0-GA.jar;C:\Users\misa0\.m2\repository\antlr\antlr\2.7.7\antlr-2.7.7.jar;C:\Users\misa0\.m2\repository\org\jboss\jandex\2.2.3.Final\jandex-2.2.3.Final.jar;C:\Users\misa0\.m2\repository\com\fasterxml\classmate\1.5.1\classmate-1.5.1.jar;C:\Users\misa0\.m2\repository\org\dom4j\dom4j\2.1.3\dom4j-2.1.3.jar;C:\Users\misa0\.m2\repository\org\hibernate\common\hibernate-commons-annotations\5.1.2.Final\hibernate-commons-annotations-5.1.2.Final.jar;C:\Users\misa0\.m2\repository\org\glas
Launcher Type: SUN_STANDARD

[Global flags]
     intx CICompilerCount                          = 3                                         {product} {ergonomic}
     uint ConcGCThreads                            = 1                                         {product} {ergonomic}
     uint G1ConcRefinementThreads                  = 4                                         {product} {ergonomic}
   size_t G1HeapRegionSize                         = 1048576                                   {product} {ergonomic}
    uintx GCDrainStackTargetSize                   = 64                                        {product} {ergonomic}
   size_t InitialHeapSize                          = 132120576                                 {product} {ergonomic}
   size_t MarkStackSize                            = 4194304                                   {product} {ergonomic}
   size_t MaxHeapSize                              = 2109734912                                {product} {ergonomic}
   size_t MaxNewSize                               = 1265631232                                {product} {ergonomic}
   size_t MinHeapDeltaBytes                        = 1048576                                   {product} {ergonomic}
   size_t MinHeapSize                              = 8388608                                   {product} {ergonomic}
    uintx NonNMethodCodeHeapSize                   = 5832780                                {pd product} {ergonomic}
    uintx NonProfiledCodeHeapSize                  = 122912730                              {pd product} {ergonomic}
    uintx ProfiledCodeHeapSize                     = 122912730                              {pd product} {ergonomic}
    uintx ReservedCodeCacheSize                    = 251658240                              {pd product} {ergonomic}
     bool SegmentedCodeCache                       = true                                      {product} {ergonomic}
   size_t SoftMaxHeapSize                          = 2109734912                             {manageable} {ergonomic}
     bool UseCompressedClassPointers               = true                                 {lp64_product} {ergonomic}
     bool UseCompressedOops                        = true                                 {lp64_product} {ergonomic}
     bool UseG1GC                                  = true                                      {product} {ergonomic}
     bool UseLargePagesIndividualAllocation        = false                                  {pd product} {ergonomic}

Logging:
Log output configuration:
 #0: stdout all=warning uptime,level,tags
 #1: stderr all=off uptime,level,tags

Environment Variables:
JAVA_HOME=C:\Program Files\Java\jdk-15.0.2
PATH=C:\Program Files\Common Files\Oracle\Java\javapath;C:\Windows\system32;C:\Windows;C:\Windows\System32\Wbem;C:\Windows\System32\WindowsPowerShell\v1.0\;C:\Windows\System32\OpenSSH\;C:\Program Files\dotnet\;C:\Program Files\Git\cmd;C:\Program Files\nodejs\;C:\ProgramData\chocolatey\bin;C:\Ruby30-x64\bin;C:\Users\misa0\AppData\Local\Programs\Python\Python39\Scripts\;C:\Users\misa0\AppData\Local\Programs\Python\Python39\;C:\Users\misa0\AppData\Local\Microsoft\WindowsApps;;C:\Users\misa0\AppData\Local\Programs\Microsoft VS Code\bin;C:\Users\misa0\.dotnet\tools;C:\Program Files\JetBrains\PyCharm 2020.3.3\bin;;C:\Users\misa0\AppData\Roaming\npm;C:\Program Files\heroku\bin
USERNAME=misa0
OS=Windows_NT
PROCESSOR_IDENTIFIER=Intel64 Family 6 Model 37 Stepping 2, GenuineIntel



---------------  S Y S T E M  ---------------

OS:
 Windows 10 , 64 bit Build 19041 (10.0.19041.928)
OS uptime: 7 days 20:03 hours

CPU: total 4 (initial active 4) (2 cores per cpu, 2 threads per core) family 6 model 37 stepping 2 microcode 0x11, cmov, cx8, fxsr, mmx, sse, sse2, sse3, ssse3, sse4.1, sse4.2, popcnt, aes, clmul, ht, tsc, tscinvbit, clflush

Memory: 4k page, system-wide physical 8047M (1009M free)
TotalPageFile size 13444M (AvailPageFile size 1682M)
current process WorkingSet (physical memory assigned to process): 166M, peak: 204M
current process commit charge ("private bytes"): 207M, peak: 282M

vm_info: Java HotSpot(TM) 64-Bit Server VM (15.0.2+7-27) for windows-amd64 JRE (15.0.2+7-27), built on Dec  7 2020 20:07:01 by "mach5one" with unknown MS VC++:1925

END.
